E:\learn\blog\Blog-Yantra\dist\out-tsc\src\app\app.service.js
E:\learn\blog\Blog-Yantra\dist\out-tsc\src\app\app.service.js.map
E:\learn\blog\Blog-Yantra\dist\out-tsc\src\app\app.component.js
E:\learn\blog\Blog-Yantra\dist\out-tsc\src\app\app.component.js.map
E:\learn\blog\Blog-Yantra\dist\out-tsc\src\app\app.module.js
E:\learn\blog\Blog-Yantra\dist\out-tsc\src\app\app.module.js.map
E:\learn\blog\Blog-Yantra\dist\out-tsc\src\environments\environment.js
E:\learn\blog\Blog-Yantra\dist\out-tsc\src\environments\environment.js.map
E:\learn\blog\Blog-Yantra\dist\out-tsc\src\main.js
E:\learn\blog\Blog-Yantra\dist\out-tsc\src\main.js.map
E:\learn\blog\Blog-Yantra\dist\out-tsc\src\polyfills.js
E:\learn\blog\Blog-Yantra\dist\out-tsc\src\polyfills.js.map
E:\learn\blog\Blog-Yantra\dist\out-tsc\src\test.js
E:\learn\blog\Blog-Yantra\dist\out-tsc\src\test.js.map
E:\learn\blog\Blog-Yantra\dist\out-tsc\src\environments\environment.prod.js
E:\learn\blog\Blog-Yantra\dist\out-tsc\src\environments\environment.prod.js.map
E:\learn\blog\Blog-Yantra\dist\out-tsc\e2e\app.po.js
E:\learn\blog\Blog-Yantra\dist\out-tsc\e2e\app.po.js.map
E:\learn\blog\Blog-Yantra\dist\out-tsc\e2e\app.e2e-spec.js
E:\learn\blog\Blog-Yantra\dist\out-tsc\e2e\app.e2e-spec.js.map
